[03:43:58] [main/INFO]: Extra: []
[03:43:58] [main/INFO]: Running with arguments: [--userProperties, {}, --assetsDir, /Users/daniel/.gradle/caches/minecraft/assets, --assetIndex, 1.12, --accessToken{REDACTED}, --version, 1.12.2, --tweakClass, net.minecraftforge.fml.common.launcher.FMLTweaker, --tweakClass, net.minecraftforge.gradle.tweakers.CoremodTweaker]
[03:43:58] [main/INFO]: Loading tweak class name net.minecraftforge.fml.common.launcher.FMLTweaker
[03:43:58] [main/INFO]: Using primary tweak class name net.minecraftforge.fml.common.launcher.FMLTweaker
[03:43:58] [main/INFO]: Loading tweak class name net.minecraftforge.gradle.tweakers.CoremodTweaker
[03:43:58] [main/INFO]: Calling tweak class net.minecraftforge.fml.common.launcher.FMLTweaker
[03:43:58] [main/INFO]: Forge Mod Loader version 14.23.5.2820 for Minecraft 1.12.2 loading
[03:43:58] [main/INFO]: Java is Java HotSpot(TM) 64-Bit Server VM, version 1.8.0_131, running on Mac OS X:x86_64:10.14.3, installed at /Library/Java/JavaVirtualMachines/jdk1.8.0_131.jdk/Contents/Home/jre
[03:43:59] [main/ERROR]: Apache Maven library folder was not in the format expected. Using default libraries directory.
[03:43:59] [main/ERROR]: Full: /Users/daniel/.gradle/caches/modules-2/files-2.1/org.apache.maven/maven-artifact/3.5.3/7dc72b6d6d8a6dced3d294ed54c2cc3515ade9f4/maven-artifact-3.5.3.jar
[03:43:59] [main/ERROR]: Trimmed: /users/daniel/.gradle/caches/modules-2/files-2.1/org.apache.maven/maven-artifact/3.5.3/
[03:43:59] [main/INFO]: Managed to load a deobfuscated Minecraft name- we are in a deobfuscated environment. Skipping runtime deobfuscation
[03:43:59] [main/INFO]: Detected deobfuscated environment, loading log configs for colored console logs.
[03:43:59] [main/INFO] [FML]: Ignoring missing certificate for coremod FMLCorePlugin (net.minecraftforge.fml.relauncher.FMLCorePlugin), we are in deobf and it's a forge core plugin
[03:43:59] [main/INFO] [FML]: Ignoring missing certificate for coremod FMLForgePlugin (net.minecraftforge.classloading.FMLForgePlugin), we are in deobf and it's a forge core plugin
[03:43:59] [main/INFO] [FML]: Searching /Users/daniel/Library/Mobile Documents/com~apple~CloudDocs/Dev/Learning/MinecraftMods/ExampleMod/run/./mods for mods
[03:43:59] [main/INFO] [LaunchWrapper]: Calling tweak class net.minecraftforge.gradle.tweakers.CoremodTweaker
[03:43:59] [main/INFO] [GradleStart]: Injecting location in coremod net.minecraftforge.fml.relauncher.FMLCorePlugin
[03:43:59] [main/INFO] [GradleStart]: Injecting location in coremod net.minecraftforge.classloading.FMLForgePlugin
[03:43:59] [main/INFO] [LaunchWrapper]: Loading tweak class name net.minecraftforge.fml.common.launcher.FMLInjectionAndSortingTweaker
[03:43:59] [main/INFO] [LaunchWrapper]: Loading tweak class name net.minecraftforge.fml.common.launcher.FMLDeobfTweaker
[03:43:59] [main/INFO] [LaunchWrapper]: Loading tweak class name net.minecraftforge.gradle.tweakers.AccessTransformerTweaker
[03:43:59] [main/INFO] [LaunchWrapper]: Calling tweak class net.minecraftforge.fml.common.launcher.FMLInjectionAndSortingTweaker
[03:43:59] [main/INFO] [LaunchWrapper]: Calling tweak class net.minecraftforge.fml.common.launcher.FMLInjectionAndSortingTweaker
[03:43:59] [main/INFO] [LaunchWrapper]: Calling tweak class net.minecraftforge.fml.relauncher.CoreModManager$FMLPluginWrapper
[03:44:02] [main/ERROR] [FML]: FML appears to be missing any signature data. This is not a good thing
[03:44:02] [main/INFO] [LaunchWrapper]: Calling tweak class net.minecraftforge.fml.relauncher.CoreModManager$FMLPluginWrapper
[03:44:02] [main/INFO] [LaunchWrapper]: Calling tweak class net.minecraftforge.fml.common.launcher.FMLDeobfTweaker
[03:44:02] [main/INFO] [LaunchWrapper]: Calling tweak class net.minecraftforge.gradle.tweakers.AccessTransformerTweaker
[03:44:02] [main/INFO] [LaunchWrapper]: Loading tweak class name net.minecraftforge.fml.common.launcher.TerminalTweaker
[03:44:02] [main/INFO] [LaunchWrapper]: Calling tweak class net.minecraftforge.fml.common.launcher.TerminalTweaker
[03:44:02] [main/INFO] [LaunchWrapper]: Launching wrapped minecraft {net.minecraft.client.main.Main}
[03:44:05] [Client thread/INFO] [net.minecraft.client.Minecraft]: Setting user: Player265
